<?xml version="1.0" encoding="UTF-8"?>
<!-- Generated by org.testng.reporters.JUnitXMLReporter -->
<testsuite ignored="0" hostname="LAPTOP-BBUG6LQT" failures="0" tests="3" name="Test" time="0.131" errors="0" timestamp="2019-10-14T14:28:56 BST">
  <testcase classname="multipleTestCasesSequence.TestCase1" name="test1" time="0.023"/>
  <testcase classname="multipleTestCasesSequence.TestCase3" name="test3" time="0.001"/>
  <testcase classname="multipleTestCasesSequence.TestCase2" name="test2" time="0.004"/>
</testsuite> <!-- Test -->
