<?xml version="1.0" encoding="UTF-8"?>
<testng-results ignored="0" total="4" passed="4" failed="0" skipped="0">
  <reporter-output>
  </reporter-output>
  <suite started-at="2019-10-17T09:56:19 BST" name="Suite" finished-at="2019-10-17T09:56:19 BST" duration-ms="222">
    <groups>
    </groups>
    <test started-at="2019-10-17T09:56:19 BST" name="test1" finished-at="2019-10-17T09:56:19 BST" duration-ms="130">
      <class name="multipleTestCasesSequence.TestCase1">
        <test-method is-config="true" signature="BeforeTest()[pri:0, instance:multipleTestCasesSequence.TestCase1@2133814f]" started-at="2019-10-17T09:56:19 BST" name="BeforeTest" finished-at="2019-10-17T09:56:19 BST" duration-ms="2" status="PASS">
          <reporter-output>
          </reporter-output>
        </test-method> <!-- BeforeTest -->
        <test-method is-config="true" signature="beforeclass()[pri:0, instance:multipleTestCasesSequence.TestCase1@2133814f]" started-at="2019-10-17T09:56:19 BST" name="beforeclass" finished-at="2019-10-17T09:56:19 BST" duration-ms="2" status="PASS">
          <reporter-output>
          </reporter-output>
        </test-method> <!-- beforeclass -->
        <test-method is-config="true" signature="BeforeMethod()[pri:0, instance:multipleTestCasesSequence.TestCase1@2133814f]" started-at="2019-10-17T09:56:19 BST" name="BeforeMethod" finished-at="2019-10-17T09:56:19 BST" duration-ms="1" status="PASS">
          <reporter-output>
          </reporter-output>
        </test-method> <!-- BeforeMethod -->
        <test-method signature="soumya()[pri:0, instance:multipleTestCasesSequence.TestCase1@2133814f]" started-at="2019-10-17T09:56:19 BST" name="soumya" finished-at="2019-10-17T09:56:19 BST" duration-ms="13" status="PASS">
          <reporter-output>
          </reporter-output>
        </test-method> <!-- soumya -->
        <test-method is-config="true" signature="closingBrowser()[pri:0, instance:multipleTestCasesSequence.TestCase1@2133814f]" started-at="2019-10-17T09:56:19 BST" name="closingBrowser" finished-at="2019-10-17T09:56:19 BST" duration-ms="2" status="PASS">
          <reporter-output>
          </reporter-output>
        </test-method> <!-- closingBrowser -->
        <test-method is-config="true" signature="BeforeMethod()[pri:0, instance:multipleTestCasesSequence.TestCase1@2133814f]" started-at="2019-10-17T09:56:19 BST" name="BeforeMethod" finished-at="2019-10-17T09:56:19 BST" duration-ms="1" status="PASS">
          <reporter-output>
          </reporter-output>
        </test-method> <!-- BeforeMethod -->
        <test-method signature="test1()[pri:0, instance:multipleTestCasesSequence.TestCase1@2133814f]" started-at="2019-10-17T09:56:19 BST" name="test1" finished-at="2019-10-17T09:56:19 BST" duration-ms="6" status="PASS">
          <reporter-output>
          </reporter-output>
        </test-method> <!-- test1 -->
        <test-method is-config="true" signature="closingBrowser()[pri:0, instance:multipleTestCasesSequence.TestCase1@2133814f]" started-at="2019-10-17T09:56:19 BST" name="closingBrowser" finished-at="2019-10-17T09:56:19 BST" duration-ms="1" status="PASS">
          <reporter-output>
          </reporter-output>
        </test-method> <!-- closingBrowser -->
        <test-method is-config="true" signature="AfettrClass()[pri:0, instance:multipleTestCasesSequence.TestCase1@2133814f]" started-at="2019-10-17T09:56:19 BST" name="AfettrClass" finished-at="2019-10-17T09:56:19 BST" duration-ms="1" status="PASS">
          <reporter-output>
          </reporter-output>
        </test-method> <!-- AfettrClass -->
        <test-method is-config="true" signature="AfterTest()[pri:0, instance:multipleTestCasesSequence.TestCase1@2133814f]" started-at="2019-10-17T09:56:19 BST" name="AfterTest" finished-at="2019-10-17T09:56:19 BST" duration-ms="1" status="PASS">
          <reporter-output>
          </reporter-output>
        </test-method> <!-- AfterTest -->
      </class> <!-- multipleTestCasesSequence.TestCase1 -->
    </test> <!-- test1 -->
    <test started-at="2019-10-17T09:56:19 BST" name="test2" finished-at="2019-10-17T09:56:19 BST" duration-ms="13">
      <class name="multipleTestCasesSequence.TestCase3">
        <test-method is-config="true" signature="BeforeTest()[pri:0, instance:multipleTestCasesSequence.TestCase3@61dd025]" started-at="2019-10-17T09:56:19 BST" name="BeforeTest" finished-at="2019-10-17T09:56:19 BST" duration-ms="1" status="PASS">
          <reporter-output>
          </reporter-output>
        </test-method> <!-- BeforeTest -->
        <test-method is-config="true" signature="beforeclass()[pri:0, instance:multipleTestCasesSequence.TestCase3@61dd025]" started-at="2019-10-17T09:56:19 BST" name="beforeclass" finished-at="2019-10-17T09:56:19 BST" duration-ms="1" status="PASS">
          <reporter-output>
          </reporter-output>
        </test-method> <!-- beforeclass -->
        <test-method is-config="true" signature="BeforeMethod()[pri:0, instance:multipleTestCasesSequence.TestCase3@61dd025]" started-at="2019-10-17T09:56:19 BST" name="BeforeMethod" finished-at="2019-10-17T09:56:19 BST" duration-ms="1" status="PASS">
          <reporter-output>
          </reporter-output>
        </test-method> <!-- BeforeMethod -->
        <test-method signature="test3()[pri:3, instance:multipleTestCasesSequence.TestCase3@61dd025]" started-at="2019-10-17T09:56:19 BST" name="test3" finished-at="2019-10-17T09:56:19 BST" duration-ms="2" status="PASS">
          <reporter-output>
          </reporter-output>
        </test-method> <!-- test3 -->
        <test-method is-config="true" signature="closingBrowser()[pri:0, instance:multipleTestCasesSequence.TestCase3@61dd025]" started-at="2019-10-17T09:56:19 BST" name="closingBrowser" finished-at="2019-10-17T09:56:19 BST" duration-ms="1" status="PASS">
          <reporter-output>
          </reporter-output>
        </test-method> <!-- closingBrowser -->
        <test-method is-config="true" signature="AfettrClass()[pri:0, instance:multipleTestCasesSequence.TestCase3@61dd025]" started-at="2019-10-17T09:56:19 BST" name="AfettrClass" finished-at="2019-10-17T09:56:19 BST" duration-ms="1" status="PASS">
          <reporter-output>
          </reporter-output>
        </test-method> <!-- AfettrClass -->
        <test-method is-config="true" signature="AfterTest()[pri:0, instance:multipleTestCasesSequence.TestCase3@61dd025]" started-at="2019-10-17T09:56:19 BST" name="AfterTest" finished-at="2019-10-17T09:56:19 BST" duration-ms="1" status="PASS">
          <reporter-output>
          </reporter-output>
        </test-method> <!-- AfterTest -->
      </class> <!-- multipleTestCasesSequence.TestCase3 -->
    </test> <!-- test2 -->
    <test started-at="2019-10-17T09:56:19 BST" name="test3" finished-at="2019-10-17T09:56:19 BST" duration-ms="14">
      <class name="multipleTestCasesSequence.TestCase2">
        <test-method is-config="true" signature="initialize()[pri:0, instance:multipleTestCasesSequence.TestCase2@47542153]" started-at="2019-10-17T09:56:15 BST" name="initialize" finished-at="2019-10-17T09:56:19 BST" duration-ms="4219" status="PASS">
          <reporter-output>
          </reporter-output>
        </test-method> <!-- initialize -->
        <test-method is-config="true" signature="BeforeTest()[pri:0, instance:multipleTestCasesSequence.TestCase2@47542153]" started-at="2019-10-17T09:56:19 BST" name="BeforeTest" finished-at="2019-10-17T09:56:19 BST" duration-ms="1" status="PASS">
          <reporter-output>
          </reporter-output>
        </test-method> <!-- BeforeTest -->
        <test-method is-config="true" signature="beforeclass()[pri:0, instance:multipleTestCasesSequence.TestCase2@47542153]" started-at="2019-10-17T09:56:19 BST" name="beforeclass" finished-at="2019-10-17T09:56:19 BST" duration-ms="1" status="PASS">
          <reporter-output>
          </reporter-output>
        </test-method> <!-- beforeclass -->
        <test-method is-config="true" signature="BeforeMethod()[pri:0, instance:multipleTestCasesSequence.TestCase2@47542153]" started-at="2019-10-17T09:56:19 BST" name="BeforeMethod" finished-at="2019-10-17T09:56:19 BST" duration-ms="1" status="PASS">
          <reporter-output>
          </reporter-output>
        </test-method> <!-- BeforeMethod -->
        <test-method signature="test2()[pri:0, instance:multipleTestCasesSequence.TestCase2@47542153]" started-at="2019-10-17T09:56:19 BST" name="test2" finished-at="2019-10-17T09:56:19 BST" duration-ms="1" status="PASS">
          <reporter-output>
          </reporter-output>
        </test-method> <!-- test2 -->
        <test-method is-config="true" signature="closingBrowser()[pri:0, instance:multipleTestCasesSequence.TestCase2@47542153]" started-at="2019-10-17T09:56:19 BST" name="closingBrowser" finished-at="2019-10-17T09:56:19 BST" duration-ms="1" status="PASS">
          <reporter-output>
          </reporter-output>
        </test-method> <!-- closingBrowser -->
        <test-method is-config="true" signature="AfettrClass()[pri:0, instance:multipleTestCasesSequence.TestCase2@47542153]" started-at="2019-10-17T09:56:19 BST" name="AfettrClass" finished-at="2019-10-17T09:56:19 BST" duration-ms="1" status="PASS">
          <reporter-output>
          </reporter-output>
        </test-method> <!-- AfettrClass -->
        <test-method is-config="true" signature="AfterTest()[pri:0, instance:multipleTestCasesSequence.TestCase2@47542153]" started-at="2019-10-17T09:56:19 BST" name="AfterTest" finished-at="2019-10-17T09:56:19 BST" duration-ms="1" status="PASS">
          <reporter-output>
          </reporter-output>
        </test-method> <!-- AfterTest -->
        <test-method is-config="true" signature="closeBrowser()[pri:0, instance:multipleTestCasesSequence.TestCase2@47542153]" started-at="2019-10-17T09:56:19 BST" name="closeBrowser" finished-at="2019-10-17T09:56:20 BST" duration-ms="712" status="PASS">
          <reporter-output>
          </reporter-output>
        </test-method> <!-- closeBrowser -->
      </class> <!-- multipleTestCasesSequence.TestCase2 -->
    </test> <!-- test3 -->
  </suite> <!-- Suite -->
</testng-results>
